<?xml version="1.0" encoding="utf-8"?><testsuites><testsuite name="pytest" errors="9" failures="0" skipped="5" tests="14" time="36.211" timestamp="2025-04-01T19:06:44.384659" hostname="LAPTOP-RR6VN2C5"><testcase classname="" name="tests.apply.test_invalid_arg" time="0.000"><error message="collection failure">#x1B[31mEmpty parameter set in 'test_agg_cython_table_raises_series' at line 232#x1B[0m</error></testcase><testcase classname="" name="tests.apply.test_str" time="0.000"><error message="collection failure">#x1B[31mEmpty parameter set in 'test_agg_cython_table_series' at line 89#x1B[0m</error></testcase><testcase classname="tests.frame.test_stack_unstack" name="TestDataFrameReshape" time="0.000"><error message="collection failure">#x1B[31mEmpty parameter set in 'test_unstack_nan_index_repeats' at line 859#x1B[0m</error></testcase><testcase classname="tests.frame.test_stack_unstack" name="TestStackUnstackMultiLevel" time="0.000"><error message="collection failure">#x1B[31mEmpty parameter set in 'test_stack_order_with_unsorted_levels' at line 2199#x1B[0m</error></testcase><testcase classname="tests.indexes.interval.test_interval" name="TestIntervalIndex" time="0.000"><error message="collection failure">#x1B[31mEmpty parameter set in 'test_maybe_convert_i8_errors' at line 437#x1B[0m</error></testcase><testcase classname="tests.indexes.interval.test_interval_tree" name="TestIntervalTree" time="0.000"><error message="collection failure">#x1B[31mEmpty parameter set in 'test_is_overlapping' at line 141#x1B[0m</error></testcase><testcase classname="" name="tests.io.test_spss" time="0.000"><skipped message="collection skipped">('C:\\Users\\Admino\\anaconda3\\Lib\\site-packages\\pandas\\tests\\io\\test_spss.py', 11, "Skipped: could not import 'pyreadstat': No module named 'pyreadstat'")</skipped></testcase><testcase classname="" name="tests.io.excel.test_odf" time="0.000"><skipped message="collection skipped">('C:\\Users\\Admino\\anaconda3\\Lib\\site-packages\\pandas\\tests\\io\\excel\\test_odf.py', 11, "Skipped: could not import 'odf': No module named 'odf'")</skipped></testcase><testcase classname="" name="tests.io.excel.test_odswriter" time="0.000"><skipped message="collection skipped">('C:\\Users\\Admino\\anaconda3\\Lib\\site-packages\\pandas\\tests\\io\\excel\\test_odswriter.py', 16, "Skipped: could not import 'odf': No module named 'odf'")</skipped></testcase><testcase classname="" name="tests.io.excel.test_xlrd" time="0.000"><skipped message="collection skipped">('C:\\Users\\Admino\\anaconda3\\Lib\\site-packages\\pandas\\tests\\io\\excel\\test_xlrd.py', 14, "Skipped: could not import 'xlrd': No module named 'xlrd'")</skipped></testcase><testcase classname="" name="tests.io.excel.test_xlsxwriter" time="0.000"><skipped message="collection skipped">('C:\\Users\\Admino\\anaconda3\\Lib\\site-packages\\pandas\\tests\\io\\excel\\test_xlsxwriter.py', 12, "Skipped: could not import 'xlsxwriter': No module named 'xlsxwriter'")</skipped></testcase><testcase classname="tests.reshape.concat.test_append" name="TestAppend" time="0.000"><error message="collection failure">#x1B[31mEmpty parameter set in 'test_append_different_columns_types' at line 221#x1B[0m</error></testcase><testcase classname="tests.series.methods.test_convert_dtypes" name="TestSeriesConvertDtypes" time="0.000"><error message="collection failure">#x1B[31mEmpty parameter set in 'test_convert_dtypes' at line 184#x1B[0m</error></testcase><testcase classname="tests.tseries.offsets.test_offsets" name="TestDateOffset" time="0.000"><error message="collection failure">#x1B[31mEmpty parameter set in 'test_add' at line 638#x1B[0m</error></testcase></testsuite></testsuites>